<?xml version="1.0" encoding="UTF-8"?>
<!-- Generated by org.testng.reporters.JUnitXMLReporter -->
<testsuite hostname="bkamath-mbp-1" ignored="1" name="Default test" tests="1" failures="0" timestamp="11 Jan 2021 09:11:36 GMT" time="65.842" errors="0">
  <testcase name="requirementTwo" time="60.536" classname="com.trivago.automationframework.trivago.LoginTest"/>
  <testcase name="requirementOne" time="0.0" classname="com.trivago.automationframework.trivago.LoginTest">
    <ignored/>
  </testcase> <!-- requirementOne -->
</testsuite> <!-- Default test -->
